<?xml version="1.0" encoding="UTF-8" standalone="no"?><testsuite errors="0" failures="3" name="unit.FetchAPITest" skipped="0" tests="3" time="1.42" timestamp="2022-07-27 03:00:34"><testcase classname="unit.FetchAPITest" name="Get response contains description"><failure message="&#10;Expecting actual not to be null" type="java.lang.AssertionError">
Expecting actual not to be null</failure><system-err>
Expecting actual not to be null
unit.FetchAPITest.lambda$getResponseContainsDescription$1(FetchAPITest.java:38)
unit.FetchAPITest.getResponseContainsDescription(FetchAPITest.java:37)
worker.org.gradle.process.internal.worker.GradleWorkerMain.run(GradleWorkerMain.java:69)
worker.org.gradle.process.internal.worker.GradleWorkerMain.main(GradleWorkerMain.java:74)
</system-err></testcase><testcase classname="unit.FetchAPITest" name="Get response contains url"><failure message="&#10;Expecting actual not to be null" type="java.lang.AssertionError">
Expecting actual not to be null</failure><system-err>
Expecting actual not to be null
unit.FetchAPITest.lambda$getResponseContainsUrl$2(FetchAPITest.java:47)
unit.FetchAPITest.getResponseContainsUrl(FetchAPITest.java:46)
worker.org.gradle.process.internal.worker.GradleWorkerMain.run(GradleWorkerMain.java:69)
worker.org.gradle.process.internal.worker.GradleWorkerMain.main(GradleWorkerMain.java:74)
</system-err></testcase><testcase classname="unit.FetchAPITest" name="Get response contains name"><failure message="&#10;Expecting actual not to be null" type="java.lang.AssertionError">
Expecting actual not to be null</failure><system-err>
Expecting actual not to be null
unit.FetchAPITest.lambda$getResponseContainsName$0(FetchAPITest.java:29)
unit.FetchAPITest.getResponseContainsName(FetchAPITest.java:28)
worker.org.gradle.process.internal.worker.GradleWorkerMain.run(GradleWorkerMain.java:69)
worker.org.gradle.process.internal.worker.GradleWorkerMain.main(GradleWorkerMain.java:74)
</system-err></testcase></testsuite>